[35m[Appium][39m Welcome to Appium v1.22.3
[35m[Appium][39m Non-default server args:
[35m[Appium][39m   port: 63365
[35m[Appium][39m   loglevel: info
[35m[Appium][39m   tmpDir: C:\Users\User\AppData\Local\Temp\\Katalon\Appium\Temp1682139889362
[35m[Appium][39m   chromedriverPort: 63366
[35m[Appium][39m Deprecated server args:
[35m[Appium][39m   [31m--chromedriver-port[39m => --default-capabilities
[35m[Appium][39m Default capabilities, which will be added to each request unless overridden by desired capabilities:
[35m[Appium][39m   chromedriverPort: 63366
[35m[Appium][39m Appium REST http interface listener started on 0.0.0.0:63365
[35m[HTTP][39m [37m-->[39m [37mGET[39m [37m/wd/hub/status[39m
[35m[HTTP][39m [90m{}[39m
[35m[HTTP][39m [37m<-- GET /wd/hub/status [39m[32m200[39m [90m23 ms - 68[39m
[35m[HTTP][39m [90m[39m
[35m[HTTP][39m [37m-->[39m [37mGET[39m [37m/wd/hub/status[39m
[35m[HTTP][39m [90m{}[39m
[35m[HTTP][39m [37m<-- GET /wd/hub/status [39m[32m200[39m [90m6 ms - 68[39m
[35m[HTTP][39m [90m[39m
[35m[HTTP][39m [37m-->[39m [37mPOST[39m [37m/wd/hub/session[39m
[35m[HTTP][39m [90m{"desiredCapabilities":{"appActivity":".Settings","appPackage":"com.android.settings","newCommandTimeout":1800,"platformVersion":"12","automationName":"uiautomator2","autoGrantPermissions":true,"platformName":"Android","udid":"859PTWJJPRROO7TK","deviceName":"vivo vivo 2019 (Android 12)","platform":"ANDROID","systemPort":8292},"capabilities":{"firstMatch":[{"appium:appActivity":".Settings","appium:appPackage":"com.android.settings","appium:autoGrantPermissions":true,"appium:automationName":"uiautomator2","appium:deviceName":"vivo vivo 2019 (Android 12)","appium:newCommandTimeout":1800,"platform":"ANDROID","platformName":"android","appium:platformVersion":"12","appium:systemPort":8292,"appium:udid":"859PTWJJPRROO7TK"}]}}[39m
[35m[BaseDriver][39m The following capabilities are not standard capabilities and should have an extension prefix:
[35m[BaseDriver][39m   platform
[35m[BaseDriver][39m   chromedriverPort
[35m[Appium][39m Appium v1.22.3 creating new AndroidUiautomator2Driver (v1.70.1) session
[35m[BaseDriver][39m The following capabilities were provided, but are not recognized by Appium:
[35m[BaseDriver][39m   platform
[35m[BaseDriver][39m Session created with session id: e17e0378-7bc8-47c8-97a1-00d454cf9918
[35m[UiAutomator2][39m Starting 'com.android.settings' directly on the device
[35m[ADB][39m Found 1 'build-tools' folders under 'C:\Users\User\AppData\Local\Android\Sdk' (newest first):
[35m[ADB][39m     C:/Users/User/AppData/Local/Android/Sdk/build-tools/33.0.2
[35m[ADB][39m Using 'adb.exe' from 'C:\Users\User\AppData\Local\Android\Sdk\platform-tools\adb.exe'
[35m[AndroidDriver][39m Retrieving device list
[35m[AndroidDriver][39m Using device: 859PTWJJPRROO7TK
[35m[ADB][39m Using 'adb.exe' from 'C:\Users\User\AppData\Local\Android\Sdk\platform-tools\adb.exe'
[35m[ADB][39m Getting device platform version
[35m[UiAutomator2][39m Relaxing hidden api policy
[35m[AndroidDriver][39m No app sent in, not parsing package/activity
[35m[ADB][39m Using 'apksigner.jar' from 'C:\Users\User\AppData\Local\Android\Sdk\build-tools\33.0.2\lib\apksigner.jar'
[35m[ADB][39m 'C:\Users\User\AppData\Roaming\npm\node_modules\appium\node_modules\appium-uiautomator2-server\apks\appium-uiautomator2-server-v4.27.0.apk' is signed with the default certificate
[35m[ADB][39m 'C:\Users\User\AppData\Roaming\npm\node_modules\appium\node_modules\appium-uiautomator2-server\apks\appium-uiautomator2-server-debug-androidTest.apk' is signed with the default certificate
[35m[UiAutomator2][39m Server packages are not going to be (re)installed
[35m[ADB][39m Adding packages ["io.appium.settings","io.appium.uiautomator2.server","io.appium.uiautomator2.server.test"] to Doze whitelist
[35m[UiAutomator2][39m Starting UIAutomator2 server 4.27.0
[35m[UiAutomator2][39m Using UIAutomator2 server from 'C:\Users\User\AppData\Roaming\npm\node_modules\appium\node_modules\appium-uiautomator2-server\apks\appium-uiautomator2-server-v4.27.0.apk' and test from 'C:\Users\User\AppData\Roaming\npm\node_modules\appium\node_modules\appium-uiautomator2-server\apks\appium-uiautomator2-server-debug-androidTest.apk'
[35m[UiAutomator2][39m Waiting up to 30000ms for UiAutomator2 to be online...
[35m[WD Proxy][39m socket hang up
[35m[WD Proxy][39m socket hang up
[35m[WD Proxy][39m socket hang up
[35m[WD Proxy][39m socket hang up
[35m[WD Proxy][39m socket hang up
[35m[WD Proxy][39m socket hang up
[35m[WD Proxy][39m socket hang up
[35m[WD Proxy][39m socket hang up
[35m[WD Proxy][39m socket hang up
[35m[WD Proxy][39m socket hang up
[35m[WD Proxy][39m socket hang up
[35m[WD Proxy][39m socket hang up
[35m[WD Proxy][39m socket hang up
[35m[WD Proxy][39m socket hang up
[35m[WD Proxy][39m Determined the downstream protocol as 'W3C'
[35m[AndroidDriver][39m Screen already unlocked, doing nothing
[35m[UiAutomator2][39m Starting 'com.android.settings/.Settings and waiting for 'com.android.settings/.Settings'
[35m[Appium][39m New AndroidUiautomator2Driver session created successfully, session e17e0378-7bc8-47c8-97a1-00d454cf9918 added to master session list
[35m[HTTP][39m [37m<-- POST /wd/hub/session [39m[32m200[39m [90m36074 ms - 1168[39m
[35m[HTTP][39m [90m[39m
[35m[HTTP][39m [37m-->[39m [37mGET[39m [37m/wd/hub/session/e17e0378-7bc8-47c8-97a1-00d454cf9918[39m
[35m[HTTP][39m [90m{}[39m
[35m[HTTP][39m [37m<-- GET /wd/hub/session/e17e0378-7bc8-47c8-97a1-00d454cf9918 [39m[32m200[39m [90m84 ms - 1122[39m
[35m[HTTP][39m [90m[39m
[35m[HTTP][39m [37m-->[39m [37mGET[39m [37m/wd/hub/session/e17e0378-7bc8-47c8-97a1-00d454cf9918[39m
[35m[HTTP][39m [90m{}[39m
[35m[HTTP][39m [37m<-- GET /wd/hub/session/e17e0378-7bc8-47c8-97a1-00d454cf9918 [39m[32m200[39m [90m38 ms - 1122[39m
[35m[HTTP][39m [90m[39m
[35m[HTTP][39m [37m-->[39m [37mGET[39m [37m/wd/hub/status[39m
[35m[HTTP][39m [90m{}[39m
[35m[HTTP][39m [37m<-- GET /wd/hub/status [39m[32m200[39m [90m5 ms - 68[39m
[35m[HTTP][39m [90m[39m
[35m[HTTP][39m [37m-->[39m [37mPOST[39m [37m/wd/hub/session/e17e0378-7bc8-47c8-97a1-00d454cf9918/timeouts[39m
[35m[HTTP][39m [90m{"implicit":60000}[39m
[35m[HTTP][39m [37m<-- POST /wd/hub/session/e17e0378-7bc8-47c8-97a1-00d454cf9918/timeouts [39m[32m200[39m [90m10 ms - 14[39m
[35m[HTTP][39m [90m[39m
[35m[HTTP][39m [37m-->[39m [37mGET[39m [37m/wd/hub/session/e17e0378-7bc8-47c8-97a1-00d454cf9918/screenshot[39m
[35m[HTTP][39m [90m{}[39m
[35m[HTTP][39m [37m<-- GET /wd/hub/session/e17e0378-7bc8-47c8-97a1-00d454cf9918/screenshot [39m[32m200[39m [90m2198 ms - 126910[39m
[35m[HTTP][39m [90m[39m
[35m[HTTP][39m [37m-->[39m [37mGET[39m [37m/wd/hub/session/e17e0378-7bc8-47c8-97a1-00d454cf9918/window/rect[39m
[35m[HTTP][39m [90m{}[39m
[35m[HTTP][39m [37m<-- GET /wd/hub/session/e17e0378-7bc8-47c8-97a1-00d454cf9918/window/rect [39m[32m200[39m [90m63 ms - 49[39m
[35m[HTTP][39m [90m[39m
[35m[HTTP][39m [37m-->[39m [37mGET[39m [37m/wd/hub/session/e17e0378-7bc8-47c8-97a1-00d454cf9918/appium/device/system_bars[39m
[35m[HTTP][39m [90m{}[39m
[35m[HTTP][39m [37m<-- GET /wd/hub/session/e17e0378-7bc8-47c8-97a1-00d454cf9918/appium/device/system_bars [39m[31m500[39m [90m2237 ms - 645[39m
[35m[HTTP][39m [90m[39m
[35m[HTTP][39m [37m-->[39m [37mPOST[39m [37m/wd/hub/session/e17e0378-7bc8-47c8-97a1-00d454cf9918/execute/sync[39m
[35m[HTTP][39m [90m{"script":"mobile:viewportRect","args":[]}[39m
[35m[AndroidDriver][39m Executing native command 'mobile:viewportRect'
[35m[HTTP][39m [37m<-- POST /wd/hub/session/e17e0378-7bc8-47c8-97a1-00d454cf9918/execute/sync [39m[32m200[39m [90m48 ms - 55[39m
[35m[HTTP][39m [90m[39m
[35m[HTTP][39m [37m-->[39m [37mPOST[39m [37m/wd/hub/session/e17e0378-7bc8-47c8-97a1-00d454cf9918/appium/device/activate_app[39m
[35m[HTTP][39m [90m{"bundleId":"com.chad.financialrecord"}[39m
[35m[HTTP][39m [37m<-- POST /wd/hub/session/e17e0378-7bc8-47c8-97a1-00d454cf9918/appium/device/activate_app [39m[32m200[39m [90m12768 ms - 14[39m
[35m[HTTP][39m [90m[39m
[35m[HTTP][39m [37m-->[39m [37mGET[39m [37m/wd/hub/session/e17e0378-7bc8-47c8-97a1-00d454cf9918/source[39m
[35m[HTTP][39m [90m{}[39m
[35m[W3C (e17e0378)][39m Driver proxy active, passing request on via HTTP proxy
[35m[WD Proxy][39m Replacing sessionId 72444083-2456-4a4f-beba-d2220bd54a1d with e17e0378-7bc8-47c8-97a1-00d454cf9918
[35m[HTTP][39m [37m<-- GET /wd/hub/session/e17e0378-7bc8-47c8-97a1-00d454cf9918/source [39m[32m200[39m [90m3009 ms - 98965[39m
[35m[HTTP][39m [90m[39m
[35m[HTTP][39m [37m-->[39m [37mGET[39m [37m/wd/hub/session/e17e0378-7bc8-47c8-97a1-00d454cf9918/screenshot[39m
[35m[HTTP][39m [90m{}[39m
[35m[HTTP][39m [37m<-- GET /wd/hub/session/e17e0378-7bc8-47c8-97a1-00d454cf9918/screenshot [39m[32m200[39m [90m1778 ms - 719682[39m
[35m[HTTP][39m [90m[39m
[35m[HTTP][39m [37m-->[39m [37mGET[39m [37m/wd/hub/session/e17e0378-7bc8-47c8-97a1-00d454cf9918/contexts[39m
[35m[HTTP][39m [90m{}[39m
[35m[HTTP][39m [37m<-- GET /wd/hub/session/e17e0378-7bc8-47c8-97a1-00d454cf9918/contexts [39m[32m200[39m [90m310 ms - 24[39m
[35m[HTTP][39m [90m[39m
[35m[HTTP][39m [37m-->[39m [37mPOST[39m [37m/wd/hub/session/e17e0378-7bc8-47c8-97a1-00d454cf9918/context[39m
[35m[HTTP][39m [90m{"name":"NATIVE_APP"}[39m
[35m[HTTP][39m [37m<-- POST /wd/hub/session/e17e0378-7bc8-47c8-97a1-00d454cf9918/context [39m[32m200[39m [90m5 ms - 14[39m
[35m[HTTP][39m [90m[39m
[35m[HTTP][39m [37m-->[39m [37mGET[39m [37m/wd/hub/session/e17e0378-7bc8-47c8-97a1-00d454cf9918/source[39m
[35m[HTTP][39m [90m{}[39m
[35m[W3C (e17e0378)][39m Driver proxy active, passing request on via HTTP proxy
[35m[WD Proxy][39m Replacing sessionId 72444083-2456-4a4f-beba-d2220bd54a1d with e17e0378-7bc8-47c8-97a1-00d454cf9918
[35m[HTTP][39m [37m<-- GET /wd/hub/session/e17e0378-7bc8-47c8-97a1-00d454cf9918/source [39m[32m200[39m [90m704 ms - 47830[39m
[35m[HTTP][39m [90m[39m
[35m[HTTP][39m [37m-->[39m [37mGET[39m [37m/wd/hub/session/e17e0378-7bc8-47c8-97a1-00d454cf9918/screenshot[39m
[35m[HTTP][39m [90m{}[39m
[35m[HTTP][39m [37m<-- GET /wd/hub/session/e17e0378-7bc8-47c8-97a1-00d454cf9918/screenshot [39m[32m200[39m [90m726 ms - 89668[39m
[35m[HTTP][39m [90m[39m
[35m[HTTP][39m [37m-->[39m [37mPOST[39m [37m/wd/hub/session/e17e0378-7bc8-47c8-97a1-00d454cf9918/elements[39m
[35m[HTTP][39m [90m{"using":"xpath","value":"//*[@class = 'android.widget.ImageButton' and @resource-id = 'com.chad.financialrecord:id/ibDelete' and (@text = '' or . = '')]"}[39m
[35m[HTTP][39m [37m<-- POST /wd/hub/session/e17e0378-7bc8-47c8-97a1-00d454cf9918/elements [39m[32m200[39m [90m1186 ms - 1675[39m
[35m[HTTP][39m [90m[39m
[35m[HTTP][39m [37m-->[39m [37mPOST[39m [37m/wd/hub/session/e17e0378-7bc8-47c8-97a1-00d454cf9918/elements[39m
[35m[HTTP][39m [90m{"using":"id","value":"com.chad.financialrecord:id/ibDelete"}[39m
[35m[HTTP][39m [37m<-- POST /wd/hub/session/e17e0378-7bc8-47c8-97a1-00d454cf9918/elements [39m[32m200[39m [90m347 ms - 1675[39m
[35m[HTTP][39m [90m[39m
[35m[HTTP][39m [37m-->[39m [37mPOST[39m [37m/wd/hub/session/e17e0378-7bc8-47c8-97a1-00d454cf9918/elements[39m
[35m[HTTP][39m [90m{"using":"-android uiautomator","value":"new UiSelector().className(\"android.widget.ImageButton\").resourceId(\"com.chad.financialrecord:id/ibDelete\")"}[39m
[35m[HTTP][39m [37m<-- POST /wd/hub/session/e17e0378-7bc8-47c8-97a1-00d454cf9918/elements [39m[32m200[39m [90m555 ms - 1675[39m
[35m[HTTP][39m [90m[39m
[35m[HTTP][39m [37m-->[39m [37mGET[39m [37m/wd/hub/session/e17e0378-7bc8-47c8-97a1-00d454cf9918/window/rect[39m
[35m[HTTP][39m [90m{}[39m
[35m[HTTP][39m [37m<-- GET /wd/hub/session/e17e0378-7bc8-47c8-97a1-00d454cf9918/window/rect [39m[32m200[39m [90m35 ms - 49[39m
[35m[HTTP][39m [90m[39m
[35m[HTTP][39m [37m-->[39m [37mPOST[39m [37m/wd/hub/session/e17e0378-7bc8-47c8-97a1-00d454cf9918/elements[39m
[35m[HTTP][39m [90m{"using":"xpath","value":"//hierarchy/android.widget.FrameLayout[1]/android.widget.LinearLayout[1]/android.widget.FrameLayout[1]/android.widget.LinearLayout[1]/android.widget.FrameLayout[1]/android.widget.RelativeLayout[1]/android.widget.LinearLayout[1]/androidx.recyclerview.widget.RecyclerView[1]/android.widget.LinearLayout[1]/android.widget.RelativeLayout[1]/android.widget.LinearLayout[1]/android.widget.ImageButton[2]"}[39m
[35m[HTTP][39m [37m<-- POST /wd/hub/session/e17e0378-7bc8-47c8-97a1-00d454cf9918/elements [39m[32m200[39m [90m521 ms - 139[39m
[35m[HTTP][39m [90m[39m
[35m[HTTP][39m [37m-->[39m [37mGET[39m [37m/wd/hub/session/e17e0378-7bc8-47c8-97a1-00d454cf9918/element/00000000-0000-0708-ffff-ffff0000099b/location[39m
[35m[HTTP][39m [90m{}[39m
[35m[W3C (e17e0378)][39m Driver proxy active, passing request on via HTTP proxy
[35m[WD Proxy][39m Replacing sessionId 72444083-2456-4a4f-beba-d2220bd54a1d with e17e0378-7bc8-47c8-97a1-00d454cf9918
[35m[HTTP][39m [37m<-- GET /wd/hub/session/e17e0378-7bc8-47c8-97a1-00d454cf9918/element/00000000-0000-0708-ffff-ffff0000099b/location [39m[32m200[39m [90m51 ms - 78[39m
[35m[HTTP][39m [90m[39m
[35m[HTTP][39m [37m-->[39m [37mPOST[39m [37m/wd/hub/session/e17e0378-7bc8-47c8-97a1-00d454cf9918/element/00000000-0000-0708-ffff-ffff0000099b/click[39m
[35m[HTTP][39m [90m{"id":"00000000-0000-0708-ffff-ffff0000099b"}[39m
[35m[HTTP][39m [37m<-- POST /wd/hub/session/e17e0378-7bc8-47c8-97a1-00d454cf9918/element/00000000-0000-0708-ffff-ffff0000099b/click [39m[32m200[39m [90m84 ms - 14[39m
[35m[HTTP][39m [90m[39m
[35m[HTTP][39m [37m-->[39m [37mGET[39m [37m/wd/hub/session/e17e0378-7bc8-47c8-97a1-00d454cf9918/source[39m
[35m[HTTP][39m [90m{}[39m
[35m[W3C (e17e0378)][39m Driver proxy active, passing request on via HTTP proxy
[35m[WD Proxy][39m Replacing sessionId 72444083-2456-4a4f-beba-d2220bd54a1d with e17e0378-7bc8-47c8-97a1-00d454cf9918
[35m[HTTP][39m [37m<-- GET /wd/hub/session/e17e0378-7bc8-47c8-97a1-00d454cf9918/source [39m[32m200[39m [90m299 ms - 7289[39m
[35m[HTTP][39m [90m[39m
[35m[HTTP][39m [37m-->[39m [37mGET[39m [37m/wd/hub/session/e17e0378-7bc8-47c8-97a1-00d454cf9918/screenshot[39m
[35m[HTTP][39m [90m{}[39m
[35m[HTTP][39m [37m<-- GET /wd/hub/session/e17e0378-7bc8-47c8-97a1-00d454cf9918/screenshot [39m[32m200[39m [90m661 ms - 90756[39m
[35m[HTTP][39m [90m[39m
[35m[HTTP][39m [37m-->[39m [37mPOST[39m [37m/wd/hub/session/e17e0378-7bc8-47c8-97a1-00d454cf9918/elements[39m
[35m[HTTP][39m [90m{"using":"xpath","value":"//*[@class = 'android.widget.Button' and (@text = 'NO' or . = 'NO') and @resource-id = 'android:id/button2']"}[39m
[35m[HTTP][39m [37m<-- POST /wd/hub/session/e17e0378-7bc8-47c8-97a1-00d454cf9918/elements [39m[32m200[39m [90m191 ms - 139[39m
[35m[HTTP][39m [90m[39m
[35m[HTTP][39m [37m-->[39m [37mGET[39m [37m/wd/hub/session/e17e0378-7bc8-47c8-97a1-00d454cf9918/window/rect[39m
[35m[HTTP][39m [90m{}[39m
[35m[HTTP][39m [37m<-- GET /wd/hub/session/e17e0378-7bc8-47c8-97a1-00d454cf9918/window/rect [39m[32m200[39m [90m30 ms - 49[39m
[35m[HTTP][39m [90m[39m
[35m[HTTP][39m [37m-->[39m [37mPOST[39m [37m/wd/hub/session/e17e0378-7bc8-47c8-97a1-00d454cf9918/elements[39m
[35m[HTTP][39m [90m{"using":"xpath","value":"//*[@class = 'android.widget.Button' and (@text = 'NO' or . = 'NO') and @resource-id = 'android:id/button2']"}[39m
[35m[HTTP][39m [37m<-- POST /wd/hub/session/e17e0378-7bc8-47c8-97a1-00d454cf9918/elements [39m[32m200[39m [90m160 ms - 139[39m
[35m[HTTP][39m [90m[39m
[35m[HTTP][39m [37m-->[39m [37mGET[39m [37m/wd/hub/session/e17e0378-7bc8-47c8-97a1-00d454cf9918/element/00000000-0000-0717-ffff-ffff00000aae/location[39m
[35m[HTTP][39m [90m{}[39m
[35m[W3C (e17e0378)][39m Driver proxy active, passing request on via HTTP proxy
[35m[WD Proxy][39m Replacing sessionId 72444083-2456-4a4f-beba-d2220bd54a1d with e17e0378-7bc8-47c8-97a1-00d454cf9918
[35m[HTTP][39m [37m<-- GET /wd/hub/session/e17e0378-7bc8-47c8-97a1-00d454cf9918/element/00000000-0000-0717-ffff-ffff00000aae/location [39m[32m200[39m [90m40 ms - 78[39m
[35m[HTTP][39m [90m[39m
[35m[HTTP][39m [37m-->[39m [37mPOST[39m [37m/wd/hub/session/e17e0378-7bc8-47c8-97a1-00d454cf9918/element/00000000-0000-0717-ffff-ffff00000aae/click[39m
[35m[HTTP][39m [90m{"id":"00000000-0000-0717-ffff-ffff00000aae"}[39m
[35m[HTTP][39m [37m<-- POST /wd/hub/session/e17e0378-7bc8-47c8-97a1-00d454cf9918/element/00000000-0000-0717-ffff-ffff00000aae/click [39m[32m200[39m [90m71 ms - 14[39m
[35m[HTTP][39m [90m[39m
[35m[HTTP][39m [37m-->[39m [37mGET[39m [37m/wd/hub/session/e17e0378-7bc8-47c8-97a1-00d454cf9918/source[39m
[35m[HTTP][39m [90m{}[39m
[35m[W3C (e17e0378)][39m Driver proxy active, passing request on via HTTP proxy
[35m[WD Proxy][39m Replacing sessionId 72444083-2456-4a4f-beba-d2220bd54a1d with e17e0378-7bc8-47c8-97a1-00d454cf9918
[35m[HTTP][39m [37m<-- GET /wd/hub/session/e17e0378-7bc8-47c8-97a1-00d454cf9918/source [39m[32m200[39m [90m921 ms - 47830[39m
[35m[HTTP][39m [90m[39m
[35m[HTTP][39m [37m-->[39m [37mGET[39m [37m/wd/hub/session/e17e0378-7bc8-47c8-97a1-00d454cf9918/screenshot[39m
[35m[HTTP][39m [90m{}[39m
[35m[HTTP][39m [37m<-- GET /wd/hub/session/e17e0378-7bc8-47c8-97a1-00d454cf9918/screenshot [39m[32m200[39m [90m663 ms - 90024[39m
[35m[HTTP][39m [90m[39m
[35m[HTTP][39m [37m-->[39m [37mPOST[39m [37m/wd/hub/session/e17e0378-7bc8-47c8-97a1-00d454cf9918/elements[39m
[35m[HTTP][39m [90m{"using":"xpath","value":"//*[@class = 'android.widget.TextView' and (@text = 'Angpao' or . = 'Angpao') and @resource-id = 'com.chad.financialrecord:id/tvName']"}[39m
[35m[HTTP][39m [37m<-- POST /wd/hub/session/e17e0378-7bc8-47c8-97a1-00d454cf9918/elements [39m[32m200[39m [90m731 ms - 139[39m
[35m[HTTP][39m [90m[39m
[35m[HTTP][39m [37m-->[39m [37mPOST[39m [37m/wd/hub/session/e17e0378-7bc8-47c8-97a1-00d454cf9918/elements[39m
[35m[HTTP][39m [90m{"using":"xpath","value":"//*[@class = 'android.widget.TextView' and (@text = 'Angpao' or . = 'Angpao') and @resource-id = 'com.chad.financialrecord:id/tvName']"}[39m
[35m[HTTP][39m [37m<-- POST /wd/hub/session/e17e0378-7bc8-47c8-97a1-00d454cf9918/elements [39m[32m200[39m [90m826 ms - 139[39m
[35m[HTTP][39m [90m[39m
[35m[HTTP][39m [37m-->[39m [37mGET[39m [37m/wd/hub/session/e17e0378-7bc8-47c8-97a1-00d454cf9918/source[39m
[35m[HTTP][39m [90m{}[39m
[35m[W3C (e17e0378)][39m Driver proxy active, passing request on via HTTP proxy
[35m[WD Proxy][39m Replacing sessionId 72444083-2456-4a4f-beba-d2220bd54a1d with e17e0378-7bc8-47c8-97a1-00d454cf9918
[35m[HTTP][39m [37m<-- GET /wd/hub/session/e17e0378-7bc8-47c8-97a1-00d454cf9918/source [39m[32m200[39m [90m522 ms - 47830[39m
[35m[HTTP][39m [90m[39m
[35m[HTTP][39m [37m-->[39m [37mGET[39m [37m/wd/hub/session/e17e0378-7bc8-47c8-97a1-00d454cf9918/screenshot[39m
[35m[HTTP][39m [90m{}[39m
[35m[HTTP][39m [37m<-- GET /wd/hub/session/e17e0378-7bc8-47c8-97a1-00d454cf9918/screenshot [39m[32m200[39m [90m813 ms - 89840[39m
[35m[HTTP][39m [90m[39m
[35m[HTTP][39m [37m-->[39m [37mPOST[39m [37m/wd/hub/session/e17e0378-7bc8-47c8-97a1-00d454cf9918/elements[39m
[35m[HTTP][39m [90m{"using":"xpath","value":"//*[@class = 'android.widget.ImageButton' and @resource-id = 'com.chad.financialrecord:id/ibDelete' and (@text = '' or . = '')]"}[39m
[35m[HTTP][39m [37m<-- POST /wd/hub/session/e17e0378-7bc8-47c8-97a1-00d454cf9918/elements [39m[32m200[39m [90m583 ms - 1675[39m
[35m[HTTP][39m [90m[39m
[35m[HTTP][39m [37m-->[39m [37mPOST[39m [37m/wd/hub/session/e17e0378-7bc8-47c8-97a1-00d454cf9918/elements[39m
[35m[HTTP][39m [90m{"using":"id","value":"com.chad.financialrecord:id/ibDelete"}[39m
[35m[HTTP][39m [37m<-- POST /wd/hub/session/e17e0378-7bc8-47c8-97a1-00d454cf9918/elements [39m[32m200[39m [90m546 ms - 1675[39m
[35m[HTTP][39m [90m[39m
[35m[HTTP][39m [37m-->[39m [37mPOST[39m [37m/wd/hub/session/e17e0378-7bc8-47c8-97a1-00d454cf9918/elements[39m
[35m[HTTP][39m [90m{"using":"-android uiautomator","value":"new UiSelector().className(\"android.widget.ImageButton\").resourceId(\"com.chad.financialrecord:id/ibDelete\")"}[39m
[35m[HTTP][39m [37m<-- POST /wd/hub/session/e17e0378-7bc8-47c8-97a1-00d454cf9918/elements [39m[32m200[39m [90m1173 ms - 1675[39m
[35m[HTTP][39m [90m[39m
[35m[HTTP][39m [37m-->[39m [37mGET[39m [37m/wd/hub/session/e17e0378-7bc8-47c8-97a1-00d454cf9918/window/rect[39m
[35m[HTTP][39m [90m{}[39m
[35m[HTTP][39m [37m<-- GET /wd/hub/session/e17e0378-7bc8-47c8-97a1-00d454cf9918/window/rect [39m[32m200[39m [90m37 ms - 49[39m
[35m[HTTP][39m [90m[39m
[35m[HTTP][39m [37m-->[39m [37mPOST[39m [37m/wd/hub/session/e17e0378-7bc8-47c8-97a1-00d454cf9918/elements[39m
[35m[HTTP][39m [90m{"using":"xpath","value":"//hierarchy/android.widget.FrameLayout[1]/android.widget.LinearLayout[1]/android.widget.FrameLayout[1]/android.widget.LinearLayout[1]/android.widget.FrameLayout[1]/android.widget.RelativeLayout[1]/android.widget.LinearLayout[1]/androidx.recyclerview.widget.RecyclerView[1]/android.widget.LinearLayout[1]/android.widget.RelativeLayout[1]/android.widget.LinearLayout[1]/android.widget.ImageButton[2]"}[39m
[35m[HTTP][39m [37m<-- POST /wd/hub/session/e17e0378-7bc8-47c8-97a1-00d454cf9918/elements [39m[32m200[39m [90m423 ms - 139[39m
[35m[HTTP][39m [90m[39m
[35m[HTTP][39m [37m-->[39m [37mGET[39m [37m/wd/hub/session/e17e0378-7bc8-47c8-97a1-00d454cf9918/element/00000000-0000-0708-ffff-ffff0000099b/location[39m
[35m[HTTP][39m [90m{}[39m
[35m[W3C (e17e0378)][39m Driver proxy active, passing request on via HTTP proxy
[35m[WD Proxy][39m Replacing sessionId 72444083-2456-4a4f-beba-d2220bd54a1d with e17e0378-7bc8-47c8-97a1-00d454cf9918
[35m[HTTP][39m [37m<-- GET /wd/hub/session/e17e0378-7bc8-47c8-97a1-00d454cf9918/element/00000000-0000-0708-ffff-ffff0000099b/location [39m[32m200[39m [90m37 ms - 78[39m
[35m[HTTP][39m [90m[39m
[35m[HTTP][39m [37m-->[39m [37mPOST[39m [37m/wd/hub/session/e17e0378-7bc8-47c8-97a1-00d454cf9918/element/00000000-0000-0708-ffff-ffff0000099b/click[39m
[35m[HTTP][39m [90m{"id":"00000000-0000-0708-ffff-ffff0000099b"}[39m
[35m[HTTP][39m [37m<-- POST /wd/hub/session/e17e0378-7bc8-47c8-97a1-00d454cf9918/element/00000000-0000-0708-ffff-ffff0000099b/click [39m[32m200[39m [90m84 ms - 14[39m
[35m[HTTP][39m [90m[39m
[35m[HTTP][39m [37m-->[39m [37mGET[39m [37m/wd/hub/session/e17e0378-7bc8-47c8-97a1-00d454cf9918/source[39m
[35m[HTTP][39m [90m{}[39m
[35m[W3C (e17e0378)][39m Driver proxy active, passing request on via HTTP proxy
[35m[WD Proxy][39m Replacing sessionId 72444083-2456-4a4f-beba-d2220bd54a1d with e17e0378-7bc8-47c8-97a1-00d454cf9918
[35m[HTTP][39m [37m<-- GET /wd/hub/session/e17e0378-7bc8-47c8-97a1-00d454cf9918/source [39m[32m200[39m [90m148 ms - 7289[39m
[35m[HTTP][39m [90m[39m
[35m[HTTP][39m [37m-->[39m [37mGET[39m [37m/wd/hub/session/e17e0378-7bc8-47c8-97a1-00d454cf9918/screenshot[39m
[35m[HTTP][39m [90m{}[39m
[35m[HTTP][39m [37m<-- GET /wd/hub/session/e17e0378-7bc8-47c8-97a1-00d454cf9918/screenshot [39m[32m200[39m [90m736 ms - 90502[39m
[35m[HTTP][39m [90m[39m
[35m[HTTP][39m [37m-->[39m [37mPOST[39m [37m/wd/hub/session/e17e0378-7bc8-47c8-97a1-00d454cf9918/elements[39m
[35m[HTTP][39m [90m{"using":"xpath","value":"//*[@class = 'android.widget.Button' and (@text = 'YES' or . = 'YES') and @resource-id = 'android:id/button1']"}[39m
[35m[HTTP][39m [37m<-- POST /wd/hub/session/e17e0378-7bc8-47c8-97a1-00d454cf9918/elements [39m[32m200[39m [90m179 ms - 139[39m
[35m[HTTP][39m [90m[39m
[35m[HTTP][39m [37m-->[39m [37mGET[39m [37m/wd/hub/session/e17e0378-7bc8-47c8-97a1-00d454cf9918/window/rect[39m
[35m[HTTP][39m [90m{}[39m
[35m[HTTP][39m [37m<-- GET /wd/hub/session/e17e0378-7bc8-47c8-97a1-00d454cf9918/window/rect [39m[32m200[39m [90m28 ms - 49[39m
[35m[HTTP][39m [90m[39m
[35m[HTTP][39m [37m-->[39m [37mPOST[39m [37m/wd/hub/session/e17e0378-7bc8-47c8-97a1-00d454cf9918/elements[39m
[35m[HTTP][39m [90m{"using":"xpath","value":"//*[@class = 'android.widget.Button' and (@text = 'YES' or . = 'YES') and @resource-id = 'android:id/button1']"}[39m
[35m[HTTP][39m [37m<-- POST /wd/hub/session/e17e0378-7bc8-47c8-97a1-00d454cf9918/elements [39m[32m200[39m [90m150 ms - 139[39m
[35m[HTTP][39m [90m[39m
[35m[HTTP][39m [37m-->[39m [37mGET[39m [37m/wd/hub/session/e17e0378-7bc8-47c8-97a1-00d454cf9918/element/00000000-0000-0718-ffff-ffff00000ac6/location[39m
[35m[HTTP][39m [90m{}[39m
[35m[W3C (e17e0378)][39m Driver proxy active, passing request on via HTTP proxy
[35m[WD Proxy][39m Replacing sessionId 72444083-2456-4a4f-beba-d2220bd54a1d with e17e0378-7bc8-47c8-97a1-00d454cf9918
[35m[HTTP][39m [37m<-- GET /wd/hub/session/e17e0378-7bc8-47c8-97a1-00d454cf9918/element/00000000-0000-0718-ffff-ffff00000ac6/location [39m[32m200[39m [90m40 ms - 78[39m
[35m[HTTP][39m [90m[39m
[35m[HTTP][39m [37m-->[39m [37mPOST[39m [37m/wd/hub/session/e17e0378-7bc8-47c8-97a1-00d454cf9918/element/00000000-0000-0718-ffff-ffff00000ac6/click[39m
[35m[HTTP][39m [90m{"id":"00000000-0000-0718-ffff-ffff00000ac6"}[39m
[35m[HTTP][39m [37m<-- POST /wd/hub/session/e17e0378-7bc8-47c8-97a1-00d454cf9918/element/00000000-0000-0718-ffff-ffff00000ac6/click [39m[32m200[39m [90m64 ms - 14[39m
[35m[HTTP][39m [90m[39m
[35m[HTTP][39m [37m-->[39m [37mGET[39m [37m/wd/hub/session/e17e0378-7bc8-47c8-97a1-00d454cf9918/source[39m
[35m[HTTP][39m [90m{}[39m
[35m[W3C (e17e0378)][39m Driver proxy active, passing request on via HTTP proxy
[35m[WD Proxy][39m Replacing sessionId 72444083-2456-4a4f-beba-d2220bd54a1d with e17e0378-7bc8-47c8-97a1-00d454cf9918
[35m[HTTP][39m [37m<-- GET /wd/hub/session/e17e0378-7bc8-47c8-97a1-00d454cf9918/source [39m[32m200[39m [90m534 ms - 45120[39m
[35m[HTTP][39m [90m[39m
[35m[HTTP][39m [37m-->[39m [37mGET[39m [37m/wd/hub/session/e17e0378-7bc8-47c8-97a1-00d454cf9918/screenshot[39m
[35m[HTTP][39m [90m{}[39m
[35m[HTTP][39m [37m<-- GET /wd/hub/session/e17e0378-7bc8-47c8-97a1-00d454cf9918/screenshot [39m[32m200[39m [90m866 ms - 85128[39m
[35m[HTTP][39m [90m[39m
[35m[HTTP][39m [37m-->[39m [37mDELETE[39m [37m/wd/hub/session/e17e0378-7bc8-47c8-97a1-00d454cf9918[39m
[35m[HTTP][39m [90m{}[39m
[35m[Appium][39m Removing session e17e0378-7bc8-47c8-97a1-00d454cf9918 from our master session list
[35m[UiAutomator2][39m Restoring hidden api policy to the device default configuration
[35m[HTTP][39m [37m<-- DELETE /wd/hub/session/e17e0378-7bc8-47c8-97a1-00d454cf9918 [39m[32m200[39m [90m1526 ms - 14[39m
[35m[HTTP][39m [90m[39m
